* using log directory 'C:/Users/MAL181/Dropbox/2019/rmuddles/deIDent/tangles/tangles.Rcheck'
* using R version 3.5.1 (2018-07-02)
* using platform: i386-w64-mingw32 (32-bit)
* using session charset: ISO8859-1
* using options '--no-manual --as-cran'
* checking for file 'tangles/DESCRIPTION' ... OK
* checking extension type ... Package
* this is package 'tangles' version '0.0.1'
* package encoding: UTF-8
* checking package namespace information ... OK
* checking package dependencies ... OK
* checking if this is a source package ... OK
* checking if there is a namespace ... OK
* checking for executable files ... OK
* checking for hidden files and directories ... OK
* checking for portable file names ... OK
* checking serialization versions ... OK
* checking whether package 'tangles' can be installed ... WARNING
Found the following significant warnings:
  Warning: C:/Users/MAL181/Dropbox/2019/rmuddles/deIDent/tangles/tangles.Rcheck/00_pkg_src/tangles/man/detangles.Rd:15: unknown macro '\item'
  Warning: C:/Users/MAL181/Dropbox/2019/rmuddles/deIDent/tangles/tangles.Rcheck/00_pkg_src/tangles/man/detangles.Rd:19: unexpected section header '\value'
  Warning: C:/Users/MAL181/Dropbox/2019/rmuddles/deIDent/tangles/tangles.Rcheck/00_pkg_src/tangles/man/detangles.Rd:22: unexpected section header '\note'
  Warning: C:/Users/MAL181/Dropbox/2019/rmuddles/deIDent/tangles/tangles.Rcheck/00_pkg_src/tangles/man/detangles.Rd:24: unexpected section header '\author'
  Warning: C:/Users/MAL181/Dropbox/2019/rmuddles/deIDent/tangles/tangles.Rcheck/00_pkg_src/tangles/man/detangles.Rd:26: unexpected section header '\references'
  Warning: C:/Users/MAL181/Dropbox/2019/rmuddles/deIDent/tangles/tangles.Rcheck/00_pkg_src/tangles/man/detangles.Rd:30: unexpected section header '\examples'
  Warning: C:/Users/MAL181/Dropbox/2019/rmuddles/deIDent/tangles/tangles.Rcheck/00_pkg_src/tangles/man/detangles.Rd:45: unexpected section header '\keyword'
  Warning: C:/Users/MAL181/Dropbox/2019/rmuddles/deIDent/tangles/tangles.Rcheck/00_pkg_src/tangles/man/detangles.Rd:46: unexpected END_OF_INPUT '
See 'C:/Users/MAL181/Dropbox/2019/rmuddles/deIDent/tangles/tangles.Rcheck/00install.out' for details.
* checking installed package size ... OK
* checking package directory ... OK
* checking DESCRIPTION meta-information ... NOTE
Malformed Description field: should contain one or more complete sentences.
* checking top-level files ... OK
* checking for left-over files ... OK
* checking index information ... OK
* checking package subdirectories ... OK
* checking R files for non-ASCII characters ... OK
* checking R files for syntax errors ... OK
* checking whether the package can be loaded ... OK
* checking whether the package can be loaded with stated dependencies ... OK
* checking whether the package can be unloaded cleanly ... OK
* checking whether the namespace can be loaded with stated dependencies ... OK
* checking whether the namespace can be unloaded cleanly ... OK
* checking loading without being on the library search path ... OK
* checking dependencies in R code ... OK
* checking S3 generic/method consistency ... OK
* checking replacement functions ... OK
* checking foreign function calls ... OK
* checking R code for possible problems ... NOTE
detangles: no visible global function definition for 'complete.cases'
tangler: no visible global function definition for 'complete.cases'
tangles: no visible global function definition for 'complete.cases'
Undefined global functions or variables:
  complete.cases
Consider adding
  importFrom("stats", "complete.cases")
to your NAMESPACE file.
* checking Rd files ... WARNING
prepare_Rd: detangles.Rd:15: unknown macro '\item'
prepare_Rd: detangles.Rd:19: unexpected section header '\value'
prepare_Rd: detangles.Rd:22: unexpected section header '\note'
prepare_Rd: detangles.Rd:24: unexpected section header '\author'
prepare_Rd: detangles.Rd:26: unexpected section header '\references'
prepare_Rd: detangles.Rd:30: unexpected section header '\examples'
prepare_Rd: detangles.Rd:45: unexpected section header '\keyword'
prepare_Rd: detangles.Rd:46: unexpected END_OF_INPUT '
'
* checking Rd metadata ... OK
* checking Rd line widths ... NOTE
Rd file 'tangler.Rd':
  \examples lines wider than 100 characters:
     # tangled.origi<- tangler(data = hunterCovariates_sub, tanglerInfo = tangles.out[[2]], raster_object = TRUE, stub = "hv1")

Rd file 'tangles.Rd':
  \examples lines wider than 100 characters:
     #tangles.out<- tangles(data = hunterCovariates_sub, depth = 5, rasterdata = TRUE, raster_object = TRUE)

These lines will be truncated in the PDF manual.
* checking Rd cross-references ... OK
* checking for missing documentation entries ... WARNING
Undocumented data sets:
  'HV_subsoilpH' 'detangler.dat'
All user-level objects in a package should have documentation entries.
See chapter 'Writing R documentation files' in the 'Writing R
Extensions' manual.
* checking for code/documentation mismatches ... WARNING
Data with usage in documentation object 'detangler_data' but not in code:
  detangler_data

* checking Rd \usage sections ... WARNING
Undocumented arguments in documentation object 'detangles'
  'hash_key'

Functions with \usage entries need to have the appropriate \alias
entries, and all their arguments documented.
The \usage entries must correspond to syntactically valid R code.
See chapter 'Writing R documentation files' in the 'Writing R
Extensions' manual.
* checking Rd contents ... OK
* checking for unstated dependencies in examples ... OK
* checking contents of 'data' directory ... OK
* checking data for non-ASCII characters ... OK
* checking data for ASCII and uncompressed saves ... WARNING
  
  Note: significantly better compression could be obtained
        by using R CMD build --resave-data
                           old_size new_size compress
  HV_subsoilpH.rda             41Kb     36Kb       xz
  hunterCovariates_sub.rda    1.9Mb    1.1Mb       xz
* checking files in 'vignettes' ... WARNING
Files in the 'vignettes' directory but no files in 'inst/doc':
  'deidentification.Rmd'
Package has no Sweave vignette sources and no VignetteBuilder field.
* checking examples ... OK
* DONE
Status: 7 WARNINGs, 3 NOTEs
